2025-08-28 17:12:42,442 - INFO - Starting QA Automation for Riddle Game...
2025-08-28 17:12:42,499 - INFO - Running Pytest on all test files...
2025-08-28 17:12:42,659 - INFO - Pytest completed with exit code: 4
2025-08-28 17:12:42,662 - WARNING - No Allure results to generate.
2025-08-28 17:12:42,665 - WARNING - Client secrets not found, skipping Drive upload.
2025-08-28 17:12:42,665 - WARNING - Email credentials not configured, skipping email notification.
2025-08-28 17:12:42,668 - INFO - Running Locust load tests...
2025-08-28 17:12:42,669 - ERROR - Locust not installed. Install with: pip install locust
2025-08-28 17:12:42,672 - INFO - Running Bandit security scan...
2025-08-28 17:12:42,672 - ERROR - Bandit not installed. Install with: pip install bandit
2025-08-28 17:12:42,678 - INFO - QA Automation run complete.
2025-08-28 17:12:42,678 - WARNING - ⚠️  Some tests failed. Check reports for details.
2025-08-28 17:13:26,096 - INFO - Starting QA Automation for Riddle Game...
2025-08-28 17:13:26,145 - INFO - Running Pytest on all test files...
2025-08-28 17:13:26,431 - INFO - Pytest completed with exit code: 0
2025-08-28 17:13:26,434 - WARNING - Allure binary not found. Install Allure CLI tool.
2025-08-28 17:13:26,437 - WARNING - Client secrets not found, skipping Drive upload.
2025-08-28 17:13:26,437 - WARNING - Email credentials not configured, skipping email notification.
2025-08-28 17:13:26,440 - INFO - Running Locust load tests...
2025-08-28 17:13:56,955 - INFO - Locust load test completed successfully.
2025-08-28 17:13:56,955 - INFO - Locust reports saved in: /home/runner/work/Riddle_game/Riddle_game/locust_reports
2025-08-28 17:13:56,959 - INFO - Running Bandit security scan...
2025-08-28 17:13:57,216 - INFO - Bandit security scan completed.
2025-08-28 17:13:57,426 - INFO - QA Automation run complete.
2025-08-28 17:13:57,427 - INFO - ✅ All tests passed!
